2022-11-27 04:42:32.934  INFO 11920 --- [main] com.example.workers.WorkersApplication   : Starting WorkersApplication using Java 1.8.0_341 on DESKTOP-ST6QB2I with PID 11920 (C:\Users\18167\Desktop\博物馆项目\BoWuGuan\worker\target\classes started by 18167 in C:\Users\18167\Desktop\博物馆项目\BoWuGuan\worker)
2022-11-27 04:42:32.938  INFO 11920 --- [main] com.example.workers.WorkersApplication   : No active profile set, falling back to 1 default profile: "default"
2022-11-27 04:42:33.865  INFO 11920 --- [main] o.s.b.w.embedded.tomcat.TomcatWebServer  : Tomcat initialized with port(s): 8888 (http)
2022-11-27 04:42:33.873  INFO 11920 --- [main] o.apache.catalina.core.StandardService   : Starting service [Tomcat]
2022-11-27 04:42:33.874  INFO 11920 --- [main] org.apache.catalina.core.StandardEngine  : Starting Servlet engine: [Apache Tomcat/9.0.68]
2022-11-27 04:42:34.169  INFO 11920 --- [main] org.apache.jasper.servlet.TldScanner     : At least one JAR was scanned for TLDs yet contained no TLDs. Enable debug logging for this logger for a complete list of JARs that were scanned but no TLDs were found in them. Skipping unneeded JARs during scanning can improve startup time and JSP compilation time.
2022-11-27 04:42:34.174  INFO 11920 --- [main] o.a.c.c.C.[Tomcat].[localhost].[/]       : Initializing Spring embedded WebApplicationContext
2022-11-27 04:42:34.174  INFO 11920 --- [main] w.s.c.ServletWebServerApplicationContext : Root WebApplicationContext: initialization completed in 1183 ms
2022-11-27 04:42:34.670  INFO 11920 --- [main] o.s.b.a.w.s.WelcomePageHandlerMapping    : Adding welcome page template: index
2022-11-27 04:42:34.817  INFO 11920 --- [main] o.s.b.w.embedded.tomcat.TomcatWebServer  : Tomcat started on port(s): 8888 (http) with context path ''
2022-11-27 04:42:34.825  INFO 11920 --- [main] com.example.workers.WorkersApplication   : Started WorkersApplication in 2.411 seconds (JVM running for 3.445)
2022-11-27 04:42:42.679  INFO 11920 --- [http-nio-8888-exec-1] o.a.c.c.C.[Tomcat].[localhost].[/]       : Initializing Spring DispatcherServlet 'dispatcherServlet'
2022-11-27 04:42:42.680  INFO 11920 --- [http-nio-8888-exec-1] o.s.web.servlet.DispatcherServlet        : Initializing Servlet 'dispatcherServlet'
2022-11-27 04:42:42.681  INFO 11920 --- [http-nio-8888-exec-1] o.s.web.servlet.DispatcherServlet        : Completed initialization in 0 ms
2022-11-27 04:42:49.820  INFO 11920 --- [http-nio-8888-exec-3] com.alibaba.druid.pool.DruidDataSource   : {dataSource-1} inited
2022-11-27 04:53:43.609  INFO 11920 --- [SpringApplicationShutdownHook] com.alibaba.druid.pool.DruidDataSource   : {dataSource-1} closing ...
2022-11-27 04:53:43.625  INFO 11920 --- [SpringApplicationShutdownHook] com.alibaba.druid.pool.DruidDataSource   : {dataSource-1} closed
2022-11-27 07:07:57.689  INFO 6632 --- [main] com.example.workers.WorkersApplication   : Starting WorkersApplication using Java 1.8.0_341 on DESKTOP-ST6QB2I with PID 6632 (C:\Users\18167\Desktop\博物馆项目 - 副本\BoWuGuan\worker\target\classes started by 18167 in C:\Users\18167\Desktop\博物馆项目 - 副本\BoWuGuan\worker)
2022-11-27 07:07:57.732  INFO 6632 --- [main] com.example.workers.WorkersApplication   : No active profile set, falling back to 1 default profile: "default"
2022-11-27 07:08:02.239  INFO 6632 --- [main] o.s.b.w.embedded.tomcat.TomcatWebServer  : Tomcat initialized with port(s): 8888 (http)
2022-11-27 07:08:02.248  INFO 6632 --- [main] o.apache.catalina.core.StandardService   : Starting service [Tomcat]
2022-11-27 07:08:02.248  INFO 6632 --- [main] org.apache.catalina.core.StandardEngine  : Starting Servlet engine: [Apache Tomcat/9.0.68]
2022-11-27 07:08:02.554  INFO 6632 --- [main] org.apache.jasper.servlet.TldScanner     : At least one JAR was scanned for TLDs yet contained no TLDs. Enable debug logging for this logger for a complete list of JARs that were scanned but no TLDs were found in them. Skipping unneeded JARs during scanning can improve startup time and JSP compilation time.
2022-11-27 07:08:02.560  INFO 6632 --- [main] o.a.c.c.C.[Tomcat].[localhost].[/]       : Initializing Spring embedded WebApplicationContext
2022-11-27 07:08:02.564  INFO 6632 --- [main] w.s.c.ServletWebServerApplicationContext : Root WebApplicationContext: initialization completed in 3865 ms
2022-11-27 07:08:03.092  INFO 6632 --- [main] o.s.b.a.w.s.WelcomePageHandlerMapping    : Adding welcome page template: index
2022-11-27 07:08:03.252  INFO 6632 --- [main] o.s.b.w.embedded.tomcat.TomcatWebServer  : Tomcat started on port(s): 8888 (http) with context path ''
2022-11-27 07:08:03.260  INFO 6632 --- [main] com.example.workers.WorkersApplication   : Started WorkersApplication in 9.114 seconds (JVM running for 10.365)
2022-11-27 07:08:33.162  INFO 6632 --- [http-nio-8888-exec-1] o.a.c.c.C.[Tomcat].[localhost].[/]       : Initializing Spring DispatcherServlet 'dispatcherServlet'
2022-11-27 07:08:33.162  INFO 6632 --- [http-nio-8888-exec-1] o.s.web.servlet.DispatcherServlet        : Initializing Servlet 'dispatcherServlet'
2022-11-27 07:08:33.170  INFO 6632 --- [http-nio-8888-exec-1] o.s.web.servlet.DispatcherServlet        : Completed initialization in 8 ms
2022-11-27 07:08:41.486  INFO 6632 --- [http-nio-8888-exec-8] com.alibaba.druid.pool.DruidDataSource   : {dataSource-1} inited
2022-11-27 07:23:23.423  INFO 6632 --- [SpringApplicationShutdownHook] com.alibaba.druid.pool.DruidDataSource   : {dataSource-1} closing ...
2022-11-27 07:23:23.432  INFO 6632 --- [SpringApplicationShutdownHook] com.alibaba.druid.pool.DruidDataSource   : {dataSource-1} closed
